[0m21:13:23.156407 [debug] [MainThread]: Got an exception trying to initialize tracking


============================== 21:13:23.194971 | bc01e275-25b0-4a10-9839-7bf6eebc702f ==============================
[0m21:13:23.194971 [info ] [MainThread]: Running with dbt=1.11.7
[0m21:13:23.195970 [debug] [MainThread]: running dbt with arguments {'version_check': 'True', 'no_print': 'None', 'static_parser': 'True', 'warn_error_options': 'WarnErrorOptionsV2(error=[], warn=[], silence=[])', 'target_path': 'None', 'printer_width': '80', 'write_json': 'True', 'empty': 'None', 'log_cache_events': 'False', 'introspect': 'True', 'cache_selected_only': 'False', 'fail_fast': 'False', 'debug': 'False', 'log_format': 'default', 'partial_parse': 'True', 'send_anonymous_usage_stats': 'True', 'quiet': 'False', 'warn_error': 'None', 'profiles_dir': 'C:\\Users\\chris\\.dbt', 'use_colors': 'True', 'indirect_selection': 'eager', 'invocation_command': 'dbt init --skip-profile-setup airbnb', 'use_experimental_parser': 'False', 'log_path': 'logs'}
[0m21:13:23.274813 [debug] [MainThread]: Starter project path: C:\Users\chris\Learning\course\.venv\lib\site-packages\dbt\include\starter_project
[0m21:13:23.289421 [info ] [MainThread]: 
Your new dbt project "airbnb" was created!

For more information on how to configure the profiles.yml file,
please consult the dbt documentation here:

  https://docs.getdbt.com/docs/configure-your-profile

One more thing:

Need help? Don't hesitate to reach out to us via GitHub issues or on Slack:

  https://community.getdbt.com/

Happy modeling!

[0m21:13:23.289943 [debug] [MainThread]: Command `dbt init` succeeded at 21:13:23.289943 after 0.19 seconds
[0m21:13:23.291043 [debug] [MainThread]: Flushing usage events
[0m20:40:00.254078 [debug] [MainThread]: Got an exception trying to initialize tracking


============================== 20:40:00.306210 | dcb50fad-2410-4a69-855e-ac900a9249fd ==============================
[0m20:40:00.306210 [info ] [MainThread]: Running with dbt=1.11.7
[0m20:40:00.307501 [debug] [MainThread]: running dbt with arguments {'static_parser': 'True', 'no_print': 'None', 'version_check': 'True', 'warn_error_options': 'WarnErrorOptionsV2(error=[], warn=[], silence=[])', 'target_path': 'None', 'printer_width': '80', 'write_json': 'True', 'empty': 'False', 'log_cache_events': 'False', 'introspect': 'True', 'cache_selected_only': 'False', 'fail_fast': 'False', 'debug': 'False', 'log_format': 'default', 'partial_parse': 'True', 'send_anonymous_usage_stats': 'True', 'quiet': 'False', 'warn_error': 'None', 'profiles_dir': 'C:\\Users\\chris\\.dbt', 'use_colors': 'True', 'indirect_selection': 'eager', 'invocation_command': 'dbt run', 'use_experimental_parser': 'False', 'log_path': 'logs'}
[0m20:40:00.308028 [error] [MainThread]: Encountered an error:
Runtime Error
  No dbt_project.yml found at expected path C:\Users\chris\Learning\course\dbt_project.yml
  Verify that each entry within packages.yml (and their transitive dependencies) contains a file named dbt_project.yml
  
[0m20:40:00.309240 [debug] [MainThread]: Command `dbt run` failed at 20:40:00.309240 after 0.12 seconds
[0m20:40:00.309240 [debug] [MainThread]: Flushing usage events
[0m20:42:17.043577 [debug] [MainThread]: Got an exception trying to initialize tracking


============================== 20:42:17.175868 | 59eba69f-4f3c-409c-b9dc-1a9ae8426856 ==============================
[0m20:42:17.175868 [info ] [MainThread]: Running with dbt=1.11.7
[0m20:42:17.176869 [debug] [MainThread]: running dbt with arguments {'version_check': 'True', 'no_print': 'None', 'static_parser': 'True', 'target_path': 'None', 'warn_error_options': 'WarnErrorOptionsV2(error=[], warn=[], silence=[])', 'printer_width': '80', 'write_json': 'True', 'introspect': 'True', 'log_cache_events': 'False', 'empty': 'False', 'cache_selected_only': 'False', 'fail_fast': 'False', 'debug': 'False', 'log_format': 'default', 'profiles_dir': 'C:\\Users\\chris\\.dbt', 'send_anonymous_usage_stats': 'True', 'quiet': 'False', 'warn_error': 'None', 'partial_parse': 'True', 'use_colors': 'True', 'invocation_command': 'dbt run', 'indirect_selection': 'eager', 'use_experimental_parser': 'False', 'log_path': 'logs'}
[0m20:42:17.177869 [error] [MainThread]: Encountered an error:
Runtime Error
  No dbt_project.yml found at expected path C:\Users\chris\Learning\course\dbt_project.yml
  Verify that each entry within packages.yml (and their transitive dependencies) contains a file named dbt_project.yml
  
[0m20:42:17.178869 [debug] [MainThread]: Command `dbt run` failed at 20:42:17.178869 after 0.19 seconds
[0m20:42:17.178869 [debug] [MainThread]: Flushing usage events
